<?xml version="1.0" encoding="UTF-8"?>
<testsuite xmlns:xsi="http://www.w3.org/2001/XMLSchema-instance" xsi:noNamespaceSchemaLocation="https://maven.apache.org/surefire/maven-surefire-plugin/xsd/surefire-test-report-3.0.xsd" version="3.0" name="edu.ntnu.idi.idatt.model.IngredientTest" time="0.393" tests="1" errors="0" skipped="0" failures="1">
  <properties>
[...]
</properties>
  <testcase name="testToString" classname="edu.ntnu.idi.idatt.model.IngredientTest" time="0.268">
    <failure message="String should equal ==&gt; expected: &lt;Milk&#10; Price: 10&#10; Amount: 10&#10; Expiry Date: Thu Dec 12 00:00:00 CET 2024&#10;&#10;&gt; but was: &lt;Milk&#10; Price: 10.0&#10; Amount: 10.0&#10; Expiry Date: Thu Dec 12 00:00:00 CET 2024&#10;&#10;&gt;" type="org.opentest4j.AssertionFailedError"><![CDATA[org.opentest4j.AssertionFailedError: 
String should equal ==> expected: <Milk
 Price: 10
 Amount: 10
 Expiry Date: Thu Dec 12 00:00:00 CET 2024

> but was: <Milk
 Price: 10.0
 Amount: 10.0
 Expiry Date: Thu Dec 12 00:00:00 CET 2024

>
	at org.junit.jupiter.api.AssertionFailureBuilder.build(AssertionFailureBuilder.java:151)
	at org.junit.jupiter.api.AssertionFailureBuilder.buildAndThrow(AssertionFailureBuilder.java:132)
	at org.junit.jupiter.api.AssertEquals.failNotEqual(AssertEquals.java:197)
	at org.junit.jupiter.api.AssertEquals.assertEquals(AssertEquals.java:182)
	at org.junit.jupiter.api.Assertions.assertEquals(Assertions.java:1152)
	at edu.ntnu.idi.idatt.model.IngredientTest.testToString(IngredientTest.java:87)
	at java.base/java.lang.reflect.Method.invoke(Method.java:580)
	at java.base/java.util.ArrayList.forEach(ArrayList.java:1596)
	at java.base/java.util.ArrayList.forEach(ArrayList.java:1596)
]]></failure>
  </testcase>
</testsuite>